<?xml version="1.0" encoding="UTF-8"?>
<testsuites name="clap" tests="3" failures="1" errors="0">
    <testsuite name="clap::builder" tests="3" disabled="0" errors="0" failures="1">
        <testcase name="tests::flag_parses" classname="clap::builder" timestamp="2026-01-01T00:00:00Z" time="0.01">
        </testcase>
        <testcase name="tests::flag_conflicts" classname="clap::builder" timestamp="2026-01-01T00:00:00Z" time="0.01">
            <failure type="test failure"><![CDATA[thread panicked]]></failure>
            <system-out><![CDATA[stdout here]]></system-out>
        </testcase>
        <testcase name="tests::flag_parses" classname="clap::derive" timestamp="2026-01-01T00:00:00Z" time="0.01"/>
    </testsuite>
</testsuites>
