<?xml version="1.0" encoding="utf-8"?>
<testsuites><testsuite name="pytest" errors="1" failures="1" skipped="1" tests="5" time="0.1">
<testcase classname="tests.test_client" name="test_get" time="0.001" />
<testcase classname="tests.test_client" name="test_post[json-body]" time="0.001"><failure message="assert 1 == 2">AssertionError</failure></testcase>
<testcase classname="tests.test_client.TestTimeouts" name="test_read" time="0.001"><skipped type="pytest.skip" message="slow">skipped</skipped></testcase>
<testcase classname="tests.test_client.TestTimeouts" name="test_write" time="0.001"><error message="boom">Traceback &lt;x&gt;</error></testcase>
<testcase classname="tests.test_other" name="test_quote&quot;d" time="0.001"></testcase>
</testsuite></testsuites>
